c:\users\gecky\desktop\a2_40031684_40032420\debug\vc141.pdb
c:\users\gecky\desktop\a2_40031684_40032420\debug\vc141.idb
c:\users\gecky\desktop\a2_40031684_40032420\debug\badge.obj
c:\users\gecky\desktop\a2_40031684_40032420\debug\deck.obj
c:\users\gecky\desktop\a2_40031684_40032420\debug\dice.obj
c:\users\gecky\desktop\a2_40031684_40032420\debug\fantasyracebanner.obj
c:\users\gecky\desktop\a2_40031684_40032420\debug\map.obj
c:\users\gecky\desktop\a2_40031684_40032420\debug\mapreader.obj
c:\users\gecky\desktop\a2_40031684_40032420\debug\player.obj
c:\users\gecky\desktop\a2_40031684_40032420\debug\smallworld.obj
c:\users\gecky\desktop\a2_40031684_40032420\debug\stdafx.obj
c:\users\gecky\desktop\a2_40031684_40032420\debug\comp345.ilk
c:\users\gecky\desktop\a2_40031684_40032420\debug\comp345.exe
c:\users\gecky\desktop\a2_40031684_40032420\debug\comp345.pdb
c:\users\gecky\desktop\a2_40031684_40032420\debug\comp345.tlog\cl.command.1.tlog
c:\users\gecky\desktop\a2_40031684_40032420\debug\comp345.tlog\cl.read.1.tlog
c:\users\gecky\desktop\a2_40031684_40032420\debug\comp345.tlog\cl.write.1.tlog
c:\users\gecky\desktop\a2_40031684_40032420\debug\comp345.tlog\link.command.1.tlog
c:\users\gecky\desktop\a2_40031684_40032420\debug\comp345.tlog\link.read.1.tlog
c:\users\gecky\desktop\a2_40031684_40032420\debug\comp345.tlog\link.write.1.tlog
